<?xml version="1.0" encoding="UTF-8"?>
<!-- Generated by org.testng.reporters.JUnitReportReporter -->
<testsuite hostname="DESKTOP-DA9MCF7" failures="0" tests="1" name="Demo.Automation.Tests.Tests" time="27.127" errors="0" timestamp="27 Sep 2021 02:51:12 GMT">
  <testcase classname="Demo.Automation.Tests.Tests" name="Validate_action_dropdown_create_location" time="27.127"/>
</testsuite> <!-- Demo.Automation.Tests.Tests -->
